2025-12-17 18:18:46,630 | INFO | START | link=https://t.me/dkajshdkasjhdkj2/9 | comments=1 | count=10
2025-12-17 18:27:47,116 | INFO | START | link=https://t.me/dkajshdkasjhdkj2/9 | comments=1 | count=10
2025-12-17 18:27:53,383 | INFO | JOIN | 14476677149 | channel=3363677165
2025-12-17 18:27:53,387 | INFO | JOIN | 14478950887 | channel=3363677165
2025-12-17 18:27:53,430 | INFO | JOIN | 14476472890 | channel=3363677165
2025-12-17 18:27:53,464 | INFO | JOIN | 14478100982 | channel=3363677165
2025-12-17 18:27:53,504 | INFO | JOIN | 14477747627 | channel=3363677165
2025-12-17 18:27:54,407 | INFO | COMMENT | 14478950887 | 3363677165/9 | cool | OK
2025-12-17 18:27:54,407 | INFO | COMMENT | 14476472890 | 3363677165/9 | cool | OK
2025-12-17 18:27:54,411 | INFO | COMMENT | 14476677149 | 3363677165/9 | cool | OK
2025-12-17 18:27:54,488 | INFO | COMMENT | 14477747627 | 3363677165/9 | cool | OK
2025-12-17 18:27:54,588 | INFO | COMMENT | 14478100982 | 3363677165/9 | cool | OK
2025-12-17 18:33:26,933 | INFO | START | link=https://t.me/dkajshdkasjhdkj2/9 | comments=2 | count=10
2025-12-17 18:33:32,479 | INFO | JOIN | 14475002622 | channel=3363677165
2025-12-17 18:33:32,615 | INFO | JOIN | 14476100915 | channel=3363677165
2025-12-17 18:33:32,637 | INFO | JOIN | 14632577643 | channel=3363677165
2025-12-17 18:33:32,645 | INFO | JOIN | 14476474468 | channel=3363677165
2025-12-17 18:33:32,826 | INFO | COMMENT | 14479109603 | 3363677165/9 | nice | OK
2025-12-17 18:33:33,429 | INFO | COMMENT | 14475002622 | 3363677165/9 | wow | OK
2025-12-17 18:33:33,635 | INFO | COMMENT | 14476474468 | 3363677165/9 | nice | OK
2025-12-17 18:33:33,635 | INFO | COMMENT | 14632577643 | 3363677165/9 | nice | OK
2025-12-17 18:33:33,635 | INFO | COMMENT | 14476100915 | 3363677165/9 | nice | OK
2025-12-17 18:33:42,048 | INFO | JOIN | 14488447040 | channel=3363677165
2025-12-17 18:33:43,092 | INFO | COMMENT | 14488447040 | 3363677165/9 | wow | OK
2025-12-17 18:33:46,514 | INFO | JOIN | 14477667646 | channel=3363677165
2025-12-17 18:33:46,998 | INFO | JOIN | 14475744437 | channel=3363677165
2025-12-17 18:33:47,428 | INFO | COMMENT | 14477667646 | 3363677165/9 | wow | OK
2025-12-17 18:33:47,976 | INFO | COMMENT | 14475744437 | 3363677165/9 | wow | OK
2025-12-17 18:33:49,585 | INFO | JOIN | 14479103294 | channel=3363677165
2025-12-17 18:33:50,511 | INFO | JOIN | 14479101456 | channel=3363677165
2025-12-17 18:33:50,596 | INFO | COMMENT | 14479103294 | 3363677165/9 | wow | OK
2025-12-17 18:33:51,454 | INFO | COMMENT | 14479101456 | 3363677165/9 | nice | OK
2025-12-18 15:44:31,535 | INFO | START | link=https://t.me/dkajshdkasjhdkj2/19 | comments=2 | count=10
2025-12-18 15:44:38,201 | INFO | COMMENT | 14474661605 | 3363677165/19 | nice | OK
2025-12-18 15:44:38,280 | INFO | COMMENT | 14478678542 | 3363677165/19 | wow | OK
2025-12-18 15:44:38,281 | INFO | COMMENT | 14475745094 | 3363677165/19 | nice | OK
2025-12-18 15:44:38,290 | INFO | COMMENT | 14478678671 | 3363677165/19 | wow | OK
2025-12-18 15:44:39,285 | INFO | COMMENT | 14478950887 | 3363677165/19 | nice | OK
2025-12-18 15:44:46,867 | INFO | COMMENT | 14476472890 | 3363677165/19 | wow | OK
2025-12-18 15:44:47,652 | INFO | COMMENT | 14476677149 | 3363677165/19 | nice | OK
2025-12-18 15:44:52,088 | INFO | START | link=https://t.me/dkajshdkasjhdkj2/19 | comments=2 | count=10
2025-12-18 15:45:12,855 | INFO | START | link=https://t.me/dkajshdkasjhdkj2/19 | comments=5 | count=10
2025-12-18 15:45:18,471 | INFO | COMMENT | 14479109603 | 3363677165/19 | 3 | OK
2025-12-18 15:45:18,573 | INFO | COMMENT | 14475002622 | 3363677165/19 | 4 4 | OK
2025-12-18 15:45:18,576 | INFO | COMMENT | 14476474468 | 3363677165/19 | 5 - 5 | OK
2025-12-18 15:45:18,577 | INFO | COMMENT | 14478100982 | 3363677165/19 | 2 | OK
2025-12-18 15:45:18,783 | INFO | COMMENT | 14477747627 | 3363677165/19 | 1 | OK
2025-12-18 15:45:27,282 | INFO | COMMENT | 14632577643 | 3363677165/19 | 1 | OK
2025-12-18 15:45:28,767 | INFO | COMMENT | 14476100915 | 3363677165/19 | 2 | OK
2025-12-18 15:45:30,151 | INFO | COMMENT | 14488447040 | 3363677165/19 | 3 | OK
2025-12-18 15:45:31,110 | INFO | COMMENT | 14477667646 | 3363677165/19 | 4 4 | OK
2025-12-18 15:45:33,907 | INFO | COMMENT | 14475744437 | 3363677165/19 | 5 - 5 | OK
2025-12-18 15:45:43,795 | INFO | END | success=10 | failed=0 | total=10
